<?xml version="1.0" encoding="UTF-8"?>
<testng-results skipped="0" failed="0" ignored="0" total="5" passed="5">
  <reporter-output>
  </reporter-output>
  <suite name="HybridFrmworkSuite" duration-ms="170324" started-at="2021-02-11T07:30:29 IST" finished-at="2021-02-11T07:33:19 IST">
    <groups>
    </groups>
    <test name="HybridFrmworkTest" duration-ms="170324" started-at="2021-02-11T07:30:29 IST" finished-at="2021-02-11T07:33:19 IST">
      <class name="com.qa.linkedin.testcases.SearchDataDrivenTest">
        <test-method status="PASS" signature="setup()[pri:0, instance:com.qa.linkedin.testcases.SearchDataDrivenTest@731f8236]" name="setup" is-config="true" duration-ms="10638" started-at="2021-02-11T07:30:18 IST" finished-at="2021-02-11T07:30:29 IST">
          <reporter-output>
          </reporter-output>
        </test-method> <!-- setup -->
        <test-method status="PASS" signature="beforeClass()[pri:0, instance:com.qa.linkedin.testcases.SearchDataDrivenTest@731f8236]" name="beforeClass" is-config="true" duration-ms="47633" started-at="2021-02-11T07:30:29 IST" finished-at="2021-02-11T07:31:16 IST">
          <reporter-output>
          </reporter-output>
        </test-method> <!-- beforeClass -->
        <test-method status="PASS" signature="searchDataDrivenTest(java.lang.String)[pri:0, instance:com.qa.linkedin.testcases.SearchDataDrivenTest@731f8236]" name="searchDataDrivenTest" duration-ms="11695" started-at="2021-02-11T07:31:18 IST" data-provider="getData" finished-at="2021-02-11T07:31:29 IST">
          <params>
            <param index="0">
              <value>
                <![CDATA[Ramesh]]>
              </value>
            </param>
          </params>
          <reporter-output>
          </reporter-output>
        </test-method> <!-- searchDataDrivenTest -->
        <test-method status="PASS" signature="searchDataDrivenTest(java.lang.String)[pri:0, instance:com.qa.linkedin.testcases.SearchDataDrivenTest@731f8236]" name="searchDataDrivenTest" duration-ms="12730" started-at="2021-02-11T07:31:29 IST" data-provider="getData" finished-at="2021-02-11T07:31:42 IST">
          <params>
            <param index="0">
              <value>
                <![CDATA[Rajesh]]>
              </value>
            </param>
          </params>
          <reporter-output>
          </reporter-output>
        </test-method> <!-- searchDataDrivenTest -->
        <test-method status="PASS" signature="searchDataDrivenTest(java.lang.String)[pri:0, instance:com.qa.linkedin.testcases.SearchDataDrivenTest@731f8236]" name="searchDataDrivenTest" duration-ms="10777" started-at="2021-02-11T07:31:42 IST" data-provider="getData" finished-at="2021-02-11T07:31:53 IST">
          <params>
            <param index="0">
              <value>
                <![CDATA[Madhu Reddy]]>
              </value>
            </param>
          </params>
          <reporter-output>
          </reporter-output>
        </test-method> <!-- searchDataDrivenTest -->
        <test-method status="PASS" signature="searchDataDrivenTest(java.lang.String)[pri:0, instance:com.qa.linkedin.testcases.SearchDataDrivenTest@731f8236]" name="searchDataDrivenTest" duration-ms="10865" started-at="2021-02-11T07:31:53 IST" data-provider="getData" finished-at="2021-02-11T07:32:04 IST">
          <params>
            <param index="0">
              <value>
                <![CDATA[jyotsna]]>
              </value>
            </param>
          </params>
          <reporter-output>
          </reporter-output>
        </test-method> <!-- searchDataDrivenTest -->
        <test-method status="PASS" signature="searchDataDrivenTest(java.lang.String)[pri:0, instance:com.qa.linkedin.testcases.SearchDataDrivenTest@731f8236]" name="searchDataDrivenTest" duration-ms="10706" started-at="2021-02-11T07:32:04 IST" data-provider="getData" finished-at="2021-02-11T07:32:15 IST">
          <params>
            <param index="0">
              <value>
                <![CDATA[Radhika]]>
              </value>
            </param>
          </params>
          <reporter-output>
          </reporter-output>
        </test-method> <!-- searchDataDrivenTest -->
        <test-method status="FAIL" signature="afterClass()[pri:0, instance:com.qa.linkedin.testcases.SearchDataDrivenTest@731f8236]" name="afterClass" is-config="true" duration-ms="64413" started-at="2021-02-11T07:32:15 IST" finished-at="2021-02-11T07:33:19 IST">
          <exception class="org.openqa.selenium.TimeoutException">
            <message>
              <![CDATA[Expected condition failed: waiting for element to be clickable: Proxy element for: DefaultElementLocator 'By.xpath: //span[@class='artdeco-button__text' and contains(text(),'Sign out')]' (tried for 45 second(s) with 500 milliseconds interval)]]>
            </message>
            <full-stacktrace>
              <![CDATA[org.openqa.selenium.TimeoutException: Expected condition failed: waiting for element to be clickable: Proxy element for: DefaultElementLocator 'By.xpath: //span[@class='artdeco-button__text' and contains(text(),'Sign out')]' (tried for 45 second(s) with 500 milliseconds interval)
at org.openqa.selenium.support.ui.WebDriverWait.timeoutException(WebDriverWait.java:95)
at org.openqa.selenium.support.ui.FluentWait.until(FluentWait.java:272)
at com.qa.linkedin.pages.BasePageWeb.clickUsingJsExecutor(BasePageWeb.java:59)
at com.qa.linkedin.pages.SignoutOverlayPage.clickFinalSignOutBtn(SignoutOverlayPage.java:23)
at com.qa.linkedin.testcases.SearchDataDrivenTest.afterClass(SearchDataDrivenTest.java:52)
at sun.reflect.NativeMethodAccessorImpl.invoke0(Native Method)
at sun.reflect.NativeMethodAccessorImpl.invoke(NativeMethodAccessorImpl.java:62)
at sun.reflect.DelegatingMethodAccessorImpl.invoke(DelegatingMethodAccessorImpl.java:43)
at java.lang.reflect.Method.invoke(Method.java:498)
at org.testng.internal.MethodInvocationHelper.invokeMethod(MethodInvocationHelper.java:133)
at org.testng.internal.MethodInvocationHelper.invokeMethodConsideringTimeout(MethodInvocationHelper.java:62)
at org.testng.internal.ConfigInvoker.invokeConfigurationMethod(ConfigInvoker.java:340)
at org.testng.internal.ConfigInvoker.invokeConfigurations(ConfigInvoker.java:294)
at org.testng.internal.TestMethodWorker.invokeAfterClassMethods(TestMethodWorker.java:217)
at org.testng.internal.TestMethodWorker.run(TestMethodWorker.java:130)
at java.util.ArrayList.forEach(ArrayList.java:1259)
at org.testng.TestRunner.privateRun(TestRunner.java:770)
at org.testng.TestRunner.run(TestRunner.java:591)
at org.testng.SuiteRunner.runTest(SuiteRunner.java:402)
at org.testng.SuiteRunner.runSequentially(SuiteRunner.java:396)
at org.testng.SuiteRunner.privateRun(SuiteRunner.java:355)
at org.testng.SuiteRunner.run(SuiteRunner.java:304)
at org.testng.SuiteRunnerWorker.runSuite(SuiteRunnerWorker.java:53)
at org.testng.SuiteRunnerWorker.run(SuiteRunnerWorker.java:96)
at org.testng.TestNG.runSuitesSequentially(TestNG.java:1180)
at org.testng.TestNG.runSuitesLocally(TestNG.java:1102)
at org.testng.TestNG.runSuites(TestNG.java:1032)
at org.testng.TestNG.run(TestNG.java:1000)
at org.testng.remote.AbstractRemoteTestNG.run(AbstractRemoteTestNG.java:115)
at org.testng.remote.RemoteTestNG.initAndRun(RemoteTestNG.java:251)
at org.testng.remote.RemoteTestNG.main(RemoteTestNG.java:77)
Caused by: org.openqa.selenium.NoSuchElementException: no such element: Unable to locate element: {"method":"xpath","selector":"//span[@class='artdeco-button__text' and contains(text(),'Sign out')]"}
  (Session info: chrome=88.0.4324.150)
For documentation on this error, please visit: https://www.seleniumhq.org/exceptions/no_such_element.html
Build info: version: '3.141.59', revision: 'e82be7d358', time: '2018-11-14T08:17:03'
System info: host: 'DESKTOP-0M1MH5T', ip: '192.168.0.192', os.name: 'Windows 10', os.arch: 'amd64', os.version: '10.0', java.version: '1.8.0_261'
Driver info: org.openqa.selenium.chrome.ChromeDriver
Capabilities {acceptInsecureCerts: false, browserName: chrome, browserVersion: 88.0.4324.150, chrome: {chromedriverVersion: 88.0.4324.96 (68dba2d8a0b14..., userDataDir: C:\Users\LENOVO\AppData\Loc...}, goog:chromeOptions: {debuggerAddress: localhost:58375}, javascriptEnabled: true, networkConnectionEnabled: false, pageLoadStrategy: normal, platform: WINDOWS, platformName: WINDOWS, proxy: Proxy(), setWindowRect: true, strictFileInteractability: false, timeouts: {implicit: 0, pageLoad: 300000, script: 30000}, unhandledPromptBehavior: dismiss and notify, webauthn:extension:largeBlob: true, webauthn:virtualAuthenticators: true}
Session ID: c17014749e65dfd57013d4504bf01ca9
*** Element info: {Using=xpath, value=//span[@class='artdeco-button__text' and contains(text(),'Sign out')]}
at sun.reflect.NativeConstructorAccessorImpl.newInstance0(Native Method)
at sun.reflect.NativeConstructorAccessorImpl.newInstance(NativeConstructorAccessorImpl.java:62)
at sun.reflect.DelegatingConstructorAccessorImpl.newInstance(DelegatingConstructorAccessorImpl.java:45)
at java.lang.reflect.Constructor.newInstance(Constructor.java:423)
at org.openqa.selenium.remote.http.W3CHttpResponseCodec.createException(W3CHttpResponseCodec.java:187)
at org.openqa.selenium.remote.http.W3CHttpResponseCodec.decode(W3CHttpResponseCodec.java:122)
at org.openqa.selenium.remote.http.W3CHttpResponseCodec.decode(W3CHttpResponseCodec.java:49)
at org.openqa.selenium.remote.HttpCommandExecutor.execute(HttpCommandExecutor.java:158)
at org.openqa.selenium.remote.service.DriverCommandExecutor.execute(DriverCommandExecutor.java:83)
at org.openqa.selenium.remote.RemoteWebDriver.execute(RemoteWebDriver.java:552)
at org.openqa.selenium.remote.RemoteWebDriver.findElement(RemoteWebDriver.java:323)
at org.openqa.selenium.remote.RemoteWebDriver.findElementByXPath(RemoteWebDriver.java:428)
at org.openqa.selenium.By$ByXPath.findElement(By.java:353)
at org.openqa.selenium.remote.RemoteWebDriver.findElement(RemoteWebDriver.java:315)
at org.openqa.selenium.support.pagefactory.DefaultElementLocator.findElement(DefaultElementLocator.java:69)
at org.openqa.selenium.support.pagefactory.internal.LocatingElementHandler.invoke(LocatingElementHandler.java:38)
at com.sun.proxy.$Proxy12.isDisplayed(Unknown Source)
at org.openqa.selenium.support.ui.ExpectedConditions.elementIfVisible(ExpectedConditions.java:314)
at org.openqa.selenium.support.ui.ExpectedConditions.access$000(ExpectedConditions.java:43)
at org.openqa.selenium.support.ui.ExpectedConditions$10.apply(ExpectedConditions.java:300)
at org.openqa.selenium.support.ui.ExpectedConditions$10.apply(ExpectedConditions.java:297)
at org.openqa.selenium.support.ui.ExpectedConditions$23.apply(ExpectedConditions.java:670)
at org.openqa.selenium.support.ui.ExpectedConditions$23.apply(ExpectedConditions.java:666)
at org.openqa.selenium.support.ui.FluentWait.until(FluentWait.java:249)
... 29 more
]]>
            </full-stacktrace>
          </exception> <!-- org.openqa.selenium.TimeoutException -->
          <reporter-output>
          </reporter-output>
        </test-method> <!-- afterClass -->
        <test-method status="SKIP" signature="tearDown()[pri:0, instance:com.qa.linkedin.testcases.SearchDataDrivenTest@731f8236]" name="tearDown" is-config="true" duration-ms="-1613009001451" started-at="2021-02-11T07:33:21 IST" finished-at="1970-01-01T05:30:00 IST">
          <reporter-output>
          </reporter-output>
        </test-method> <!-- tearDown -->
      </class> <!-- com.qa.linkedin.testcases.SearchDataDrivenTest -->
    </test> <!-- HybridFrmworkTest -->
  </suite> <!-- HybridFrmworkSuite -->
</testng-results>
